2023-02-16T19:30:07.293+0530 [DEBUG] [org.gradle.launcher.daemon.bootstrap.DaemonMain] Assuming the daemon was started with following jvm opts: [--add-opens, java.base/java.util=ALL-UNNAMED, --add-opens, java.base/java.lang=ALL-UNNAMED, --add-opens, java.base/java.lang.invoke=ALL-UNNAMED, --add-opens, java.base/java.util=ALL-UNNAMED, --add-opens, java.prefs/java.util.prefs=ALL-UNNAMED, --add-opens, java.prefs/java.util.prefs=ALL-UNNAMED, --add-opens, java.base/java.nio.charset=ALL-UNNAMED, --add-opens, java.base/java.net=ALL-UNNAMED, --add-opens, java.base/java.util.concurrent.atomic=ALL-UNNAMED, -Xmx2048m, -Dfile.encoding=UTF-8, -Duser.country=IN, -Duser.language=en, -Duser.variant]
2023-02-16T19:30:07.748+0530 [DEBUG] [org.gradle.internal.nativeintegration.services.NativeServices] Native-platform posix files integration is not available. Continuing with fallback.
2023-02-16T19:30:07.786+0530 [INFO] [org.gradle.launcher.daemon.server.Daemon] start() called on daemon - DefaultDaemonContext[uid=735cd0ce-ffa7-4080-85b0-c02e8cf6f6cf,javaHome=C:\Program Files\Android\Android Studio\jbr,daemonRegistryDir=C:\Users\vinit\AndroidStudioProjects\MyApp\daemon,pid=2816,idleTimeout=10800000,priority=NORMAL,daemonOpts=--add-opens,java.base/java.util=ALL-UNNAMED,--add-opens,java.base/java.lang=ALL-UNNAMED,--add-opens,java.base/java.lang.invoke=ALL-UNNAMED,--add-opens,java.base/java.util=ALL-UNNAMED,--add-opens,java.prefs/java.util.prefs=ALL-UNNAMED,--add-opens,java.prefs/java.util.prefs=ALL-UNNAMED,--add-opens,java.base/java.nio.charset=ALL-UNNAMED,--add-opens,java.base/java.net=ALL-UNNAMED,--add-opens,java.base/java.util.concurrent.atomic=ALL-UNNAMED,-Xmx2048m,-Dfile.encoding=UTF-8,-Duser.country=IN,-Duser.language=en,-Duser.variant]
2023-02-16T19:30:08.353+0530 [DEBUG] [org.gradle.internal.remote.internal.inet.InetAddresses] Adding IP addresses for network interface Software Loopback Interface 1
2023-02-16T19:30:08.357+0530 [DEBUG] [org.gradle.internal.remote.internal.inet.InetAddresses] Is this a loopback interface? true
2023-02-16T19:30:08.358+0530 [DEBUG] [org.gradle.internal.remote.internal.inet.InetAddresses] Adding loopback address /127.0.0.1
2023-02-16T19:30:08.358+0530 [DEBUG] [org.gradle.internal.remote.internal.inet.InetAddresses] Adding loopback address /0:0:0:0:0:0:0:1
2023-02-16T19:30:08.360+0530 [DEBUG] [org.gradle.internal.remote.internal.inet.InetAddresses] Adding IP addresses for network interface Microsoft 6to4 Adapter
2023-02-16T19:30:08.364+0530 [DEBUG] [org.gradle.internal.remote.internal.inet.InetAddresses] Is this a loopback interface? false
2023-02-16T19:30:08.365+0530 [DEBUG] [org.gradle.internal.remote.internal.inet.InetAddresses] Adding IP addresses for network interface WAN Miniport (PPTP)
2023-02-16T19:30:08.369+0530 [DEBUG] [org.gradle.internal.remote.internal.inet.InetAddresses] Is this a loopback interface? false
2023-02-16T19:30:08.369+0530 [DEBUG] [org.gradle.internal.remote.internal.inet.InetAddresses] Adding IP addresses for network interface Realtek RTL8821CE 802.11ac PCIe Adapter
2023-02-16T19:30:08.374+0530 [DEBUG] [org.gradle.internal.remote.internal.inet.InetAddresses] Is this a loopback interface? false
2023-02-16T19:30:08.374+0530 [DEBUG] [org.gradle.internal.remote.internal.inet.InetAddresses] Adding remote address /192.168.1.22
2023-02-16T19:30:08.375+0530 [DEBUG] [org.gradle.internal.remote.internal.inet.InetAddresses] Adding remote address /2401:4900:1c9a:5148:9942:a475:812b:63da
2023-02-16T19:30:08.375+0530 [DEBUG] [org.gradle.internal.remote.internal.inet.InetAddresses] Adding remote address /2401:4900:1c9a:5148:607b:d047:d4b4:a012
2023-02-16T19:30:08.376+0530 [DEBUG] [org.gradle.internal.remote.internal.inet.InetAddresses] Adding remote address /fe80:0:0:0:2bf9:c583:86c6:ef8%wlan0
2023-02-16T19:30:08.376+0530 [DEBUG] [org.gradle.internal.remote.internal.inet.InetAddresses] Adding IP addresses for network interface WAN Miniport (L2TP)
2023-02-16T19:30:08.380+0530 [DEBUG] [org.gradle.internal.remote.internal.inet.InetAddresses] Is this a loopback interface? false
2023-02-16T19:30:08.380+0530 [DEBUG] [org.gradle.internal.remote.internal.inet.InetAddresses] Adding IP addresses for network interface WAN Miniport (IP)
2023-02-16T19:30:08.384+0530 [DEBUG] [org.gradle.internal.remote.internal.inet.InetAddresses] Is this a loopback interface? false
2023-02-16T19:30:08.385+0530 [DEBUG] [org.gradle.internal.remote.internal.inet.InetAddresses] Adding IP addresses for network interface Microsoft IP-HTTPS Platform Adapter
2023-02-16T19:30:08.389+0530 [DEBUG] [org.gradle.internal.remote.internal.inet.InetAddresses] Is this a loopback interface? false
2023-02-16T19:30:08.390+0530 [DEBUG] [org.gradle.internal.remote.internal.inet.InetAddresses] Adding IP addresses for network interface Microsoft Wi-Fi Direct Virtual Adapter
2023-02-16T19:30:08.394+0530 [DEBUG] [org.gradle.internal.remote.internal.inet.InetAddresses] Is this a loopback interface? false
2023-02-16T19:30:08.394+0530 [DEBUG] [org.gradle.internal.remote.internal.inet.InetAddresses] Adding remote address /fe80:0:0:0:4dab:c6c2:23c3:d1e6%wlan1
2023-02-16T19:30:08.394+0530 [DEBUG] [org.gradle.internal.remote.internal.inet.InetAddresses] Adding IP addresses for network interface Bluetooth Device (Personal Area Network)
2023-02-16T19:30:08.398+0530 [DEBUG] [org.gradle.internal.remote.internal.inet.InetAddresses] Is this a loopback interface? false
2023-02-16T19:30:08.398+0530 [DEBUG] [org.gradle.internal.remote.internal.inet.InetAddresses] Adding remote address /fe80:0:0:0:b645:4cbe:23d4:2566%eth1
2023-02-16T19:30:08.398+0530 [DEBUG] [org.gradle.internal.remote.internal.inet.InetAddresses] Adding IP addresses for network interface WAN Miniport (IKEv2)
2023-02-16T19:30:08.403+0530 [DEBUG] [org.gradle.internal.remote.internal.inet.InetAddresses] Is this a loopback interface? false
2023-02-16T19:30:08.404+0530 [DEBUG] [org.gradle.internal.remote.internal.inet.InetAddresses] Adding IP addresses for network interface WAN Miniport (Network Monitor)
2023-02-16T19:30:08.409+0530 [DEBUG] [org.gradle.internal.remote.internal.inet.InetAddresses] Is this a loopback interface? false
2023-02-16T19:30:08.410+0530 [DEBUG] [org.gradle.internal.remote.internal.inet.InetAddresses] Adding IP addresses for network interface Realtek PCIe GbE Family Controller
2023-02-16T19:30:08.414+0530 [DEBUG] [org.gradle.internal.remote.internal.inet.InetAddresses] Is this a loopback interface? false
2023-02-16T19:30:08.415+0530 [DEBUG] [org.gradle.internal.remote.internal.inet.InetAddresses] Adding remote address /fe80:0:0:0:306d:41bf:f9da:a6b9%eth3
2023-02-16T19:30:08.416+0530 [DEBUG] [org.gradle.internal.remote.internal.inet.InetAddresses] Adding IP addresses for network interface Microsoft Teredo Tunneling Adapter
2023-02-16T19:30:08.420+0530 [DEBUG] [org.gradle.internal.remote.internal.inet.InetAddresses] Is this a loopback interface? false
2023-02-16T19:30:08.421+0530 [DEBUG] [org.gradle.internal.remote.internal.inet.InetAddresses] Adding IP addresses for network interface Microsoft Kernel Debug Network Adapter
2023-02-16T19:30:08.424+0530 [DEBUG] [org.gradle.internal.remote.internal.inet.InetAddresses] Is this a loopback interface? false
2023-02-16T19:30:08.425+0530 [DEBUG] [org.gradle.internal.remote.internal.inet.InetAddresses] Adding IP addresses for network interface WAN Miniport (IPv6)
2023-02-16T19:30:08.428+0530 [DEBUG] [org.gradle.internal.remote.internal.inet.InetAddresses] Is this a loopback interface? false
2023-02-16T19:30:08.428+0530 [DEBUG] [org.gradle.internal.remote.internal.inet.InetAddresses] Adding IP addresses for network interface Microsoft Wi-Fi Direct Virtual Adapter #2
2023-02-16T19:30:08.432+0530 [DEBUG] [org.gradle.internal.remote.internal.inet.InetAddresses] Is this a loopback interface? false
2023-02-16T19:30:08.432+0530 [DEBUG] [org.gradle.internal.remote.internal.inet.InetAddresses] Adding remote address /fe80:0:0:0:b8ce:346c:821f:17ab%wlan2
2023-02-16T19:30:08.432+0530 [DEBUG] [org.gradle.internal.remote.internal.inet.InetAddresses] Adding IP addresses for network interface WAN Miniport (PPPOE)
2023-02-16T19:30:08.436+0530 [DEBUG] [org.gradle.internal.remote.internal.inet.InetAddresses] Is this a loopback interface? false
2023-02-16T19:30:08.436+0530 [DEBUG] [org.gradle.internal.remote.internal.inet.InetAddresses] Adding IP addresses for network interface WAN Miniport (SSTP)
2023-02-16T19:30:08.441+0530 [DEBUG] [org.gradle.internal.remote.internal.inet.InetAddresses] Is this a loopback interface? false
2023-02-16T19:30:08.442+0530 [DEBUG] [org.gradle.internal.remote.internal.inet.InetAddresses] Adding IP addresses for network interface Realtek PCIe GbE Family Controller-WFP Native MAC Layer LightWeight Filter-0000
2023-02-16T19:30:08.446+0530 [DEBUG] [org.gradle.internal.remote.internal.inet.InetAddresses] Is this a loopback interface? false
2023-02-16T19:30:08.446+0530 [DEBUG] [org.gradle.internal.remote.internal.inet.InetAddresses] Adding IP addresses for network interface Realtek PCIe GbE Family Controller-QoS Packet Scheduler-0000
2023-02-16T19:30:08.451+0530 [DEBUG] [org.gradle.internal.remote.internal.inet.InetAddresses] Is this a loopback interface? false
2023-02-16T19:30:08.452+0530 [DEBUG] [org.gradle.internal.remote.internal.inet.InetAddresses] Adding IP addresses for network interface Realtek PCIe GbE Family Controller-WFP 802.3 MAC Layer LightWeight Filter-0000
2023-02-16T19:30:08.456+0530 [DEBUG] [org.gradle.internal.remote.internal.inet.InetAddresses] Is this a loopback interface? false
2023-02-16T19:30:08.456+0530 [DEBUG] [org.gradle.internal.remote.internal.inet.InetAddresses] Adding IP addresses for network interface Realtek RTL8821CE 802.11ac PCIe Adapter-WFP Native MAC Layer LightWeight Filter-0000
2023-02-16T19:30:08.460+0530 [DEBUG] [org.gradle.internal.remote.internal.inet.InetAddresses] Is this a loopback interface? false
2023-02-16T19:30:08.460+0530 [DEBUG] [org.gradle.internal.remote.internal.inet.InetAddresses] Adding IP addresses for network interface Realtek RTL8821CE 802.11ac PCIe Adapter-Virtual WiFi Filter Driver-0000
2023-02-16T19:30:08.463+0530 [DEBUG] [org.gradle.internal.remote.internal.inet.InetAddresses] Is this a loopback interface? false
2023-02-16T19:30:08.464+0530 [DEBUG] [org.gradle.internal.remote.internal.inet.InetAddresses] Adding IP addresses for network interface Realtek RTL8821CE 802.11ac PCIe Adapter-Native WiFi Filter Driver-0000
2023-02-16T19:30:08.467+0530 [DEBUG] [org.gradle.internal.remote.internal.inet.InetAddresses] Is this a loopback interface? false
2023-02-16T19:30:08.467+0530 [DEBUG] [org.gradle.internal.remote.internal.inet.InetAddresses] Adding IP addresses for network interface Realtek RTL8821CE 802.11ac PCIe Adapter-QoS Packet Scheduler-0000
2023-02-16T19:30:08.471+0530 [DEBUG] [org.gradle.internal.remote.internal.inet.InetAddresses] Is this a loopback interface? false
2023-02-16T19:30:08.471+0530 [DEBUG] [org.gradle.internal.remote.internal.inet.InetAddresses] Adding IP addresses for network interface Realtek RTL8821CE 802.11ac PCIe Adapter-WFP 802.3 MAC Layer LightWeight Filter-0000
2023-02-16T19:30:08.475+0530 [DEBUG] [org.gradle.internal.remote.internal.inet.InetAddresses] Is this a loopback interface? false
2023-02-16T19:30:08.476+0530 [DEBUG] [org.gradle.internal.remote.internal.inet.InetAddresses] Adding IP addresses for network interface Microsoft Wi-Fi Direct Virtual Adapter-WFP Native MAC Layer LightWeight Filter-0000
2023-02-16T19:30:08.479+0530 [DEBUG] [org.gradle.internal.remote.internal.inet.InetAddresses] Is this a loopback interface? false
2023-02-16T19:30:08.479+0530 [DEBUG] [org.gradle.internal.remote.internal.inet.InetAddresses] Adding IP addresses for network interface Microsoft Wi-Fi Direct Virtual Adapter-Native WiFi Filter Driver-0000
2023-02-16T19:30:08.483+0530 [DEBUG] [org.gradle.internal.remote.internal.inet.InetAddresses] Is this a loopback interface? false
2023-02-16T19:30:08.483+0530 [DEBUG] [org.gradle.internal.remote.internal.inet.InetAddresses] Adding IP addresses for network interface WAN Miniport (IP)-WFP Native MAC Layer LightWeight Filter-0000
2023-02-16T19:30:08.487+0530 [DEBUG] [org.gradle.internal.remote.internal.inet.InetAddresses] Is this a loopback interface? false
2023-02-16T19:30:08.487+0530 [DEBUG] [org.gradle.internal.remote.internal.inet.InetAddresses] Adding IP addresses for network interface WAN Miniport (IP)-QoS Packet Scheduler-0000
2023-02-16T19:30:08.491+0530 [DEBUG] [org.gradle.internal.remote.internal.inet.InetAddresses] Is this a loopback interface? false
2023-02-16T19:30:08.491+0530 [DEBUG] [org.gradle.internal.remote.internal.inet.InetAddresses] Adding IP addresses for network interface Microsoft Wi-Fi Direct Virtual Adapter-QoS Packet Scheduler-0000
2023-02-16T19:30:08.495+0530 [DEBUG] [org.gradle.internal.remote.internal.inet.InetAddresses] Is this a loopback interface? false
2023-02-16T19:30:08.495+0530 [DEBUG] [org.gradle.internal.remote.internal.inet.InetAddresses] Adding IP addresses for network interface Microsoft Wi-Fi Direct Virtual Adapter-WFP 802.3 MAC Layer LightWeight Filter-0000
2023-02-16T19:30:08.499+0530 [DEBUG] [org.gradle.internal.remote.internal.inet.InetAddresses] Is this a loopback interface? false
2023-02-16T19:30:08.499+0530 [DEBUG] [org.gradle.internal.remote.internal.inet.InetAddresses] Adding IP addresses for network interface WAN Miniport (IPv6)-WFP Native MAC Layer LightWeight Filter-0000
2023-02-16T19:30:08.502+0530 [DEBUG] [org.gradle.internal.remote.internal.inet.InetAddresses] Is this a loopback interface? false
2023-02-16T19:30:08.503+0530 [DEBUG] [org.gradle.internal.remote.internal.inet.InetAddresses] Adding IP addresses for network interface WAN Miniport (IPv6)-QoS Packet Scheduler-0000
2023-02-16T19:30:08.507+0530 [DEBUG] [org.gradle.internal.remote.internal.inet.InetAddresses] Is this a loopback interface? false
2023-02-16T19:30:08.508+0530 [DEBUG] [org.gradle.internal.remote.internal.inet.InetAddresses] Adding IP addresses for network interface WAN Miniport (Network Monitor)-WFP Native MAC Layer LightWeight Filter-0000
2023-02-16T19:30:08.511+0530 [DEBUG] [org.gradle.internal.remote.internal.inet.InetAddresses] Is this a loopback interface? false
2023-02-16T19:30:08.512+0530 [DEBUG] [org.gradle.internal.remote.internal.inet.InetAddresses] Adding IP addresses for network interface WAN Miniport (Network Monitor)-QoS Packet Scheduler-0000
2023-02-16T19:30:08.515+0530 [DEBUG] [org.gradle.internal.remote.internal.inet.InetAddresses] Is this a loopback interface? false
2023-02-16T19:30:08.515+0530 [DEBUG] [org.gradle.internal.remote.internal.inet.InetAddresses] Adding IP addresses for network interface Microsoft Wi-Fi Direct Virtual Adapter #2-WFP Native MAC Layer LightWeight Filter-0000
2023-02-16T19:30:08.519+0530 [DEBUG] [org.gradle.internal.remote.internal.inet.InetAddresses] Is this a loopback interface? false
2023-02-16T19:30:08.519+0530 [DEBUG] [org.gradle.internal.remote.internal.inet.InetAddresses] Adding IP addresses for network interface Microsoft Wi-Fi Direct Virtual Adapter #2-Native WiFi Filter Driver-0000
2023-02-16T19:30:08.523+0530 [DEBUG] [org.gradle.internal.remote.internal.inet.InetAddresses] Is this a loopback interface? false
2023-02-16T19:30:08.523+0530 [DEBUG] [org.gradle.internal.remote.internal.inet.InetAddresses] Adding IP addresses for network interface Microsoft Wi-Fi Direct Virtual Adapter #2-QoS Packet Scheduler-0000
2023-02-16T19:30:08.527+0530 [DEBUG] [org.gradle.internal.remote.internal.inet.InetAddresses] Is this a loopback interface? false
2023-02-16T19:30:08.527+0530 [DEBUG] [org.gradle.internal.remote.internal.inet.InetAddresses] Adding IP addresses for network interface Microsoft Wi-Fi Direct Virtual Adapter #2-WFP 802.3 MAC Layer LightWeight Filter-0000
2023-02-16T19:30:08.530+0530 [DEBUG] [org.gradle.internal.remote.internal.inet.InetAddresses] Is this a loopback interface? false
2023-02-16T19:30:08.535+0530 [DEBUG] [org.gradle.internal.remote.internal.inet.TcpIncomingConnector] Listening on [bf4018e7-f0ae-4b23-928e-4e1585e3b895 port:62675, addresses:[localhost/127.0.0.1]].
2023-02-16T19:30:08.551+0530 [DEBUG] [org.gradle.launcher.daemon.server.Daemon] Daemon starting at: Thu Feb 16 19:30:08 IST 2023, with address: [bf4018e7-f0ae-4b23-928e-4e1585e3b895 port:62675, addresses:[localhost/127.0.0.1]]
2023-02-16T19:30:08.551+0530 [INFO] [org.gradle.launcher.daemon.server.DaemonRegistryUpdater] Advertising the daemon address to the clients: [bf4018e7-f0ae-4b23-928e-4e1585e3b895 port:62675, addresses:[localhost/127.0.0.1]]
2023-02-16T19:30:08.552+0530 [DEBUG] [org.gradle.launcher.daemon.server.DaemonRegistryUpdater] Advertised daemon context: DefaultDaemonContext[uid=735cd0ce-ffa7-4080-85b0-c02e8cf6f6cf,javaHome=C:\Program Files\Android\Android Studio\jbr,daemonRegistryDir=C:\Users\vinit\AndroidStudioProjects\MyApp\daemon,pid=2816,idleTimeout=10800000,priority=NORMAL,daemonOpts=--add-opens,java.base/java.util=ALL-UNNAMED,--add-opens,java.base/java.lang=ALL-UNNAMED,--add-opens,java.base/java.lang.invoke=ALL-UNNAMED,--add-opens,java.base/java.util=ALL-UNNAMED,--add-opens,java.prefs/java.util.prefs=ALL-UNNAMED,--add-opens,java.prefs/java.util.prefs=ALL-UNNAMED,--add-opens,java.base/java.nio.charset=ALL-UNNAMED,--add-opens,java.base/java.net=ALL-UNNAMED,--add-opens,java.base/java.util.concurrent.atomic=ALL-UNNAMED,-Xmx2048m,-Dfile.encoding=UTF-8,-Duser.country=IN,-Duser.language=en,-Duser.variant]
2023-02-16T19:30:08.553+0530 [DEBUG] [org.gradle.launcher.daemon.registry.PersistentDaemonRegistry] Storing daemon address: [bf4018e7-f0ae-4b23-928e-4e1585e3b895 port:62675, addresses:[localhost/127.0.0.1]], context: DefaultDaemonContext[uid=735cd0ce-ffa7-4080-85b0-c02e8cf6f6cf,javaHome=C:\Program Files\Android\Android Studio\jbr,daemonRegistryDir=C:\Users\vinit\AndroidStudioProjects\MyApp\daemon,pid=2816,idleTimeout=10800000,priority=NORMAL,daemonOpts=--add-opens,java.base/java.util=ALL-UNNAMED,--add-opens,java.base/java.lang=ALL-UNNAMED,--add-opens,java.base/java.lang.invoke=ALL-UNNAMED,--add-opens,java.base/java.util=ALL-UNNAMED,--add-opens,java.prefs/java.util.prefs=ALL-UNNAMED,--add-opens,java.prefs/java.util.prefs=ALL-UNNAMED,--add-opens,java.base/java.nio.charset=ALL-UNNAMED,--add-opens,java.base/java.net=ALL-UNNAMED,--add-opens,java.base/java.util.concurrent.atomic=ALL-UNNAMED,-Xmx2048m,-Dfile.encoding=UTF-8,-Duser.country=IN,-Duser.language=en,-Duser.variant]
2023-02-16T19:30:08.569+0530 [DEBUG] [org.gradle.cache.internal.DefaultFileLockManager] Waiting to acquire exclusive lock on daemon addresses registry.
2023-02-16T19:30:08.577+0530 [DEBUG] [org.gradle.cache.internal.DefaultFileLockManager] Lock acquired on daemon addresses registry.
2023-02-16T19:30:08.589+0530 [DEBUG] [org.gradle.cache.internal.DefaultFileLockManager] Releasing lock on daemon addresses registry.
2023-02-16T19:30:08.590+0530 [LIFECYCLE] [org.gradle.launcher.daemon.server.Daemon] Daemon server started.
2023-02-16T19:30:08.592+0530 [DEBUG] [org.gradle.launcher.daemon.bootstrap.DaemonStartupCommunication] Completed writing the daemon greeting. Closing streams...
2023-02-16T19:30:08.606+0530 [DEBUG] [org.gradle.launcher.daemon.server.Daemon] stopOnExpiration() called on daemon
2023-02-16T19:30:08.609+0530 [DEBUG] [org.gradle.launcher.daemon.server.Daemon] awaitExpiration() called on daemon
2023-02-16T19:30:08.610+0530 [DEBUG] [org.gradle.launcher.daemon.server.DaemonStateCoordinator] daemon is running. Sleeping until state changes.
2023-02-16T19:30:08.618+0530 [DEBUG] [org.gradle.internal.remote.internal.inet.TcpIncomingConnector] Accepted connection from /127.0.0.1:62676 to /127.0.0.1:62675.
2023-02-16T19:30:08.759+0530 [DEBUG] [org.gradle.launcher.daemon.server.SynchronizedDispatchConnection] thread 19: received class org.gradle.launcher.daemon.protocol.Build
2023-02-16T19:30:08.760+0530 [DEBUG] [org.gradle.launcher.daemon.server.DefaultDaemonConnection] thread 19: Received non-IO message from client: Build{id=1c998cb5-4849-4752-a41d-8f9dce788b66, currentDir=C:\Users\vinit\AndroidStudioProjects\MyApp}
2023-02-16T19:30:08.760+0530 [INFO] [org.gradle.launcher.daemon.server.DefaultIncomingConnectionHandler] Received command: Build{id=1c998cb5-4849-4752-a41d-8f9dce788b66, currentDir=C:\Users\vinit\AndroidStudioProjects\MyApp}.
2023-02-16T19:30:08.761+0530 [DEBUG] [org.gradle.launcher.daemon.server.DefaultIncomingConnectionHandler] Starting executing command: Build{id=1c998cb5-4849-4752-a41d-8f9dce788b66, currentDir=C:\Users\vinit\AndroidStudioProjects\MyApp} with connection: socket connection from /127.0.0.1:62675 to /127.0.0.1:62676.
2023-02-16T19:30:08.768+0530 [DEBUG] [org.gradle.launcher.daemon.server.DaemonStateCoordinator] Command execution: started DaemonCommandExecution[command = Build{id=1c998cb5-4849-4752-a41d-8f9dce788b66, currentDir=C:\Users\vinit\AndroidStudioProjects\MyApp}, connection = DefaultDaemonConnection: socket connection from /127.0.0.1:62675 to /127.0.0.1:62676] after 0.0 minutes of idle
2023-02-16T19:30:08.769+0530 [INFO] [org.gradle.launcher.daemon.server.DaemonRegistryUpdater] Marking the daemon as busy, address: [bf4018e7-f0ae-4b23-928e-4e1585e3b895 port:62675, addresses:[localhost/127.0.0.1]]
2023-02-16T19:30:08.769+0530 [DEBUG] [org.gradle.launcher.daemon.registry.PersistentDaemonRegistry] Marking busy by address: [bf4018e7-f0ae-4b23-928e-4e1585e3b895 port:62675, addresses:[localhost/127.0.0.1]]
2023-02-16T19:30:08.772+0530 [DEBUG] [org.gradle.cache.internal.DefaultFileLockManager] Waiting to acquire exclusive lock on daemon addresses registry.
2023-02-16T19:30:08.773+0530 [DEBUG] [org.gradle.cache.internal.DefaultFileLockManager] Lock acquired on daemon addresses registry.
2023-02-16T19:30:08.777+0530 [DEBUG] [org.gradle.cache.internal.DefaultFileLockManager] Releasing lock on daemon addresses registry.
2023-02-16T19:30:08.778+0530 [DEBUG] [org.gradle.launcher.daemon.server.DaemonStateCoordinator] resetting idle timer
2023-02-16T19:30:08.779+0530 [DEBUG] [org.gradle.launcher.daemon.server.DaemonStateCoordinator] daemon is running. Sleeping until state changes.
2023-02-16T19:30:08.780+0530 [INFO] [org.gradle.launcher.daemon.server.exec.StartBuildOrRespondWithBusy] Daemon is about to start building Build{id=1c998cb5-4849-4752-a41d-8f9dce788b66, currentDir=C:\Users\vinit\AndroidStudioProjects\MyApp}. Dispatching build started information...
2023-02-16T19:30:08.781+0530 [DEBUG] [org.gradle.launcher.daemon.server.SynchronizedDispatchConnection] thread 21: dispatching org.gradle.launcher.daemon.protocol.BuildStarted@79ba5807
2023-02-16T19:30:08.786+0530 [DEBUG] [org.gradle.launcher.daemon.server.exec.EstablishBuildEnvironment] Configuring env variables: [USERDOMAIN_ROAMINGPROFILE, LOCALAPPDATA, PROCESSOR_LEVEL, USERDOMAIN, LOGONSERVER, FPS_BROWSER_APP_PROFILE_STRING, SESSIONNAME, ALLUSERSPROFILE, PROCESSOR_ARCHITECTURE, PSModulePath, SystemDrive, OneDrive, APPDATA, USERNAME, ProgramFiles(x86), CommonProgramFiles, Path, FPS_BROWSER_USER_PROFILE_STRING, PATHEXT, DriverData, OS, OneDriveConsumer, COMPUTERNAME, PROCESSOR_REVISION, CommonProgramW6432, ComSpec, ProgramData, ProgramW6432, TEMP, HOMEPATH, SystemRoot, PROCESSOR_IDENTIFIER, HOMEDRIVE, USERPROFILE, TMP, CommonProgramFiles(x86), ProgramFiles, PUBLIC, windir, NUMBER_OF_PROCESSORS, =::, IDEA_INITIAL_DIRECTORY]
2023-02-16T19:30:08.793+0530 [DEBUG] [org.gradle.launcher.daemon.server.SynchronizedDispatchConnection] thread 19: received class org.gradle.launcher.daemon.protocol.CloseInput
2023-02-16T19:30:08.793+0530 [DEBUG] [org.gradle.launcher.daemon.server.DefaultDaemonConnection] thread 19: Received IO message from client: org.gradle.launcher.daemon.protocol.CloseInput@62ab2f45
2023-02-16T19:30:08.797+0530 [DEBUG] [org.gradle.launcher.daemon.server.exec.LogToClient] About to start relaying all logs to the client via the connection.
2023-02-16T19:30:08.798+0530 [INFO] [org.gradle.launcher.daemon.server.exec.LogToClient] The client will now receive all logging from the daemon (pid: 2816). The daemon log file: C:\Users\vinit\AndroidStudioProjects\MyApp\daemon\7.5\daemon-2816.out.log
2023-02-16T19:30:08.803+0530 [INFO] [org.gradle.launcher.daemon.server.exec.LogAndCheckHealth] Starting build in new daemon [memory: 2 GiB]
2023-02-16T19:30:08.806+0530 [INFO] [org.gradle.launcher.daemon.server.exec.ForwardClientInput] Closing daemon's stdin at end of input.
2023-02-16T19:30:08.807+0530 [INFO] [org.gradle.launcher.daemon.server.exec.ForwardClientInput] The daemon will no longer process any standard input.
2023-02-16T19:30:08.815+0530 [DEBUG] [org.gradle.launcher.daemon.server.exec.ExecuteBuild] The daemon has started executing the build.
2023-02-16T19:30:08.816+0530 [DEBUG] [org.gradle.launcher.daemon.server.exec.ExecuteBuild] Executing build with daemon context: DefaultDaemonContext[uid=735cd0ce-ffa7-4080-85b0-c02e8cf6f6cf,javaHome=C:\Program Files\Android\Android Studio\jbr,daemonRegistryDir=C:\Users\vinit\AndroidStudioProjects\MyApp\daemon,pid=2816,idleTimeout=10800000,priority=NORMAL,daemonOpts=--add-opens,java.base/java.util=ALL-UNNAMED,--add-opens,java.base/java.lang=ALL-UNNAMED,--add-opens,java.base/java.lang.invoke=ALL-UNNAMED,--add-opens,java.base/java.util=ALL-UNNAMED,--add-opens,java.prefs/java.util.prefs=ALL-UNNAMED,--add-opens,java.prefs/java.util.prefs=ALL-UNNAMED,--add-opens,java.base/java.nio.charset=ALL-UNNAMED,--add-opens,java.base/java.net=ALL-UNNAMED,--add-opens,java.base/java.util.concurrent.atomic=ALL-UNNAMED,-Xmx2048m,-Dfile.encoding=UTF-8,-Duser.country=IN,-Duser.language=en,-Duser.variant]

BUILD SUCCESSFUL in 4m 42s
2023-02-16T19:34:36.045+0530 [DEBUG] [org.gradle.launcher.daemon.server.exec.ExecuteBuild] The daemon has finished executing the build.
2023-02-16T19:34:36.069+0530 [DEBUG] [org.gradle.launcher.daemon.server.DaemonStateCoordinator] daemon is running. Sleeping until state changes.
2023-02-16T19:34:36.070+0530 [DEBUG] [org.gradle.launcher.daemon.server.DaemonStateCoordinator] Command execution: finished waiting for DaemonCommandExecution[command = Build{id=1c998cb5-4849-4752-a41d-8f9dce788b66, currentDir=C:\Users\vinit\AndroidStudioProjects\MyApp}, connection = DefaultDaemonConnection: socket connection from /127.0.0.1:62675 to /127.0.0.1:62676]. Result org.gradle.launcher.daemon.server.DaemonStateCoordinator@6bf8fe5a with state Busy
2023-02-16T19:34:36.072+0530 [DEBUG] [org.gradle.launcher.daemon.server.DaemonStateCoordinator] Command execution: completed DaemonCommandExecution[command = Build{id=1c998cb5-4849-4752-a41d-8f9dce788b66, currentDir=C:\Users\vinit\AndroidStudioProjects\MyApp}, connection = DefaultDaemonConnection: socket connection from /127.0.0.1:62675 to /127.0.0.1:62676]
2023-02-16T19:34:36.072+0530 [DEBUG] [org.gradle.launcher.daemon.server.DaemonStateCoordinator] resetting idle timer
2023-02-16T19:34:36.072+0530 [INFO] [org.gradle.launcher.daemon.server.DaemonRegistryUpdater] Marking the daemon as idle, address: [bf4018e7-f0ae-4b23-928e-4e1585e3b895 port:62675, addresses:[localhost/127.0.0.1]]
2023-02-16T19:34:36.073+0530 [DEBUG] [org.gradle.launcher.daemon.registry.PersistentDaemonRegistry] Marking busy by address: [bf4018e7-f0ae-4b23-928e-4e1585e3b895 port:62675, addresses:[localhost/127.0.0.1]]
2023-02-16T19:34:36.075+0530 [DEBUG] [org.gradle.cache.internal.DefaultFileLockManager] Waiting to acquire exclusive lock on daemon addresses registry.
2023-02-16T19:34:36.087+0530 [DEBUG] [org.gradle.cache.internal.DefaultFileLockManager] Lock acquired on daemon addresses registry.
2023-02-16T19:34:36.134+0530 [DEBUG] [org.gradle.cache.internal.DefaultFileLockManager] Releasing lock on daemon addresses registry.
2023-02-16T19:34:36.138+0530 [DEBUG] [org.gradle.launcher.daemon.server.DaemonStateCoordinator] daemon is running. Sleeping until state changes.
2023-02-16T19:34:36.139+0530 [DEBUG] [org.gradle.launcher.daemon.server.exec.ReturnResult] Daemon is dispatching the build result: Success[value=org.gradle.launcher.exec.BuildActionResult@65fbf9b5]
2023-02-16T19:34:36.140+0530 [DEBUG] [org.gradle.launcher.daemon.server.SynchronizedDispatchConnection] thread 18: dispatching Success[value=org.gradle.launcher.exec.BuildActionResult@65fbf9b5]
2023-02-16T19:34:36.145+0530 [DEBUG] [org.gradle.launcher.daemon.server.DefaultIncomingConnectionHandler] Finishing executing command: Build{id=1c998cb5-4849-4752-a41d-8f9dce788b66, currentDir=C:\Users\vinit\AndroidStudioProjects\MyApp}
2023-02-16T19:34:36.145+0530 [DEBUG] [org.gradle.launcher.daemon.server.SynchronizedDispatchConnection] thread 19: received class org.gradle.launcher.daemon.protocol.Finished
2023-02-16T19:34:36.149+0530 [DEBUG] [org.gradle.launcher.daemon.server.DefaultDaemonConnection] thread 19: Received non-IO message from client: org.gradle.launcher.daemon.protocol.Finished@67825670
2023-02-16T19:34:36.150+0530 [DEBUG] [org.gradle.internal.remote.internal.inet.SocketConnection] Discarding EOFException: java.io.EOFException
2023-02-16T19:34:36.150+0530 [DEBUG] [org.gradle.launcher.daemon.server.SynchronizedDispatchConnection] thread 19: received null
2023-02-16T19:34:36.150+0530 [DEBUG] [org.gradle.launcher.daemon.server.DefaultDaemonConnection] thread 19: Received end-of-input from client.
2023-02-16T19:34:36.151+0530 [DEBUG] [org.gradle.launcher.daemon.server.DefaultIncomingConnectionHandler] Received finished message: null
2023-02-16T19:34:36.151+0530 [DEBUG] [org.gradle.launcher.daemon.server.SynchronizedDispatchConnection] thread 18: stopping connection
2023-02-16T19:34:36.155+0530 [DEBUG] [org.gradle.launcher.daemon.server.SynchronizedDispatchConnection] thread 18: stopping connection
2023-02-16T19:34:38.402+0530 [DEBUG] [org.gradle.process.internal.health.memory.DefaultMemoryManager] 638249779 memory requested, 275181568 free
2023-02-16T19:34:38.403+0530 [DEBUG] [org.gradle.workers.internal.WorkerDaemonExpiration] Will attempt to release 608 of memory
2023-02-16T19:34:38.403+0530 [DEBUG] [org.gradle.process.internal.health.memory.DefaultMemoryManager] 638249779 memory requested, 0 released, 275181568 free
2023-02-16T19:34:38.643+0530 [DEBUG] [org.gradle.cache.internal.DefaultFileLockManager] Waiting to acquire shared lock on daemon addresses registry.
2023-02-16T19:34:38.643+0530 [DEBUG] [org.gradle.cache.internal.DefaultFileLockManager] Lock acquired on daemon addresses registry.
2023-02-16T19:34:38.645+0530 [DEBUG] [org.gradle.cache.internal.DefaultFileLockManager] Releasing lock on daemon addresses registry.
2023-02-16T19:34:38.648+0530 [DEBUG] [org.gradle.cache.internal.DefaultFileLockManager] Waiting to acquire shared lock on daemon addresses registry.
2023-02-16T19:34:38.649+0530 [DEBUG] [org.gradle.cache.internal.DefaultFileLockManager] Lock acquired on daemon addresses registry.
2023-02-16T19:34:38.649+0530 [DEBUG] [org.gradle.cache.internal.DefaultFileLockManager] Releasing lock on daemon addresses registry.
2023-02-16T19:34:43.521+0530 [DEBUG] [org.gradle.process.internal.health.memory.DefaultMemoryManager] 638249779 memory requested, 274718720 free
2023-02-16T19:34:43.528+0530 [DEBUG] [org.gradle.workers.internal.WorkerDaemonExpiration] Will attempt to release 608 of memory
2023-02-16T19:34:43.541+0530 [DEBUG] [org.gradle.process.internal.health.memory.DefaultMemoryManager] 638249779 memory requested, 0 released, 274718720 free
2023-02-16T19:34:44.944+0530 [DEBUG] [org.gradle.cache.internal.LockOnDemandCrossProcessCacheAccess] Lock on Artifact transforms cache (C:\Users\vinit\AndroidStudioProjects\MyApp\caches\transforms-3) requested by another process - releasing lock.
2023-02-16T19:34:44.944+0530 [DEBUG] [org.gradle.cache.internal.LockOnDemandCrossProcessCacheAccess] Releasing file lock for Artifact transforms cache (C:\Users\vinit\AndroidStudioProjects\MyApp\caches\transforms-3)
2023-02-16T19:34:44.944+0530 [DEBUG] [org.gradle.cache.internal.DefaultFileLockManager] Releasing lock on Artifact transforms cache (C:\Users\vinit\AndroidStudioProjects\MyApp\caches\transforms-3).
2023-02-16T19:34:44.955+0530 [DEBUG] [org.gradle.cache.internal.locklistener.FileLockCommunicator] Confirming lock release to Gradle process at port 54283 for lock with id -4898483373611654679.
2023-02-16T19:34:44.963+0530 [DEBUG] [org.gradle.cache.internal.locklistener.FileLockCommunicator] Confirming lock release to Gradle process at port 54283 for lock with id -4898483373611654679.
2023-02-16T19:34:45.026+0530 [DEBUG] [org.gradle.cache.internal.LockOnDemandCrossProcessCacheAccess] Lock on journal cache (C:\Users\vinit\AndroidStudioProjects\MyApp\caches\journal-1) requested by another process - releasing lock.
2023-02-16T19:34:45.027+0530 [DEBUG] [org.gradle.cache.internal.LockOnDemandCrossProcessCacheAccess] Releasing file lock for journal cache (C:\Users\vinit\AndroidStudioProjects\MyApp\caches\journal-1)
2023-02-16T19:34:45.027+0530 [DEBUG] [org.gradle.cache.internal.btree.BTreePersistentIndexedCache] Closing cache file-access.bin (C:\Users\vinit\AndroidStudioProjects\MyApp\caches\journal-1\file-access.bin)
2023-02-16T19:34:45.028+0530 [DEBUG] [org.gradle.cache.internal.DefaultFileLockManager] Releasing lock on journal cache (C:\Users\vinit\AndroidStudioProjects\MyApp\caches\journal-1).
2023-02-16T19:34:45.031+0530 [DEBUG] [org.gradle.cache.internal.locklistener.FileLockCommunicator] Confirming lock release to Gradle process at port 54283 for lock with id -2169142195073630771.
2023-02-16T19:34:45.032+0530 [DEBUG] [org.gradle.cache.internal.locklistener.FileLockCommunicator] Confirming lock release to Gradle process at port 54283 for lock with id -2169142195073630771.
2023-02-16T19:34:45.044+0530 [DEBUG] [org.gradle.cache.internal.LockOnDemandCrossProcessCacheAccess] Lock on execution history cache (C:\Users\vinit\AndroidStudioProjects\MyApp\caches\7.5\executionHistory) requested by another process - releasing lock.
2023-02-16T19:34:45.044+0530 [DEBUG] [org.gradle.cache.internal.LockOnDemandCrossProcessCacheAccess] Releasing file lock for execution history cache (C:\Users\vinit\AndroidStudioProjects\MyApp\caches\7.5\executionHistory)
2023-02-16T19:34:45.045+0530 [DEBUG] [org.gradle.cache.internal.btree.BTreePersistentIndexedCache] Closing cache executionHistory.bin (C:\Users\vinit\AndroidStudioProjects\MyApp\caches\7.5\executionHistory\executionHistory.bin)
2023-02-16T19:34:45.055+0530 [DEBUG] [org.gradle.cache.internal.DefaultFileLockManager] Releasing lock on execution history cache (C:\Users\vinit\AndroidStudioProjects\MyApp\caches\7.5\executionHistory).
2023-02-16T19:34:45.060+0530 [DEBUG] [org.gradle.cache.internal.locklistener.FileLockCommunicator] Confirming lock release to Gradle process at port 54283 for lock with id -3099342196491199370.
2023-02-16T19:34:45.064+0530 [DEBUG] [org.gradle.cache.internal.locklistener.FileLockCommunicator] Confirming lock release to Gradle process at port 54283 for lock with id -3099342196491199370.
2023-02-16T19:34:48.404+0530 [DEBUG] [org.gradle.process.internal.health.memory.DefaultMemoryManager] 638249779 memory requested, 254480384 free
2023-02-16T19:34:48.405+0530 [DEBUG] [org.gradle.workers.internal.WorkerDaemonExpiration] Will attempt to release 608 of memory
2023-02-16T19:34:48.405+0530 [DEBUG] [org.gradle.process.internal.health.memory.DefaultMemoryManager] 638249779 memory requested, 0 released, 254480384 free
2023-02-16T19:34:48.630+0530 [DEBUG] [org.gradle.cache.internal.DefaultFileLockManager] Waiting to acquire shared lock on daemon addresses registry.
2023-02-16T19:34:48.631+0530 [DEBUG] [org.gradle.cache.internal.DefaultFileLockManager] Lock acquired on daemon addresses registry.
2023-02-16T19:34:48.641+0530 [DEBUG] [org.gradle.cache.internal.DefaultFileLockManager] Releasing lock on daemon addresses registry.
2023-02-16T19:34:48.651+0530 [DEBUG] [org.gradle.cache.internal.DefaultFileLockManager] Waiting to acquire shared lock on daemon addresses registry.
2023-02-16T19:34:48.652+0530 [DEBUG] [org.gradle.cache.internal.DefaultFileLockManager] Lock acquired on daemon addresses registry.
2023-02-16T19:34:48.653+0530 [DEBUG] [org.gradle.cache.internal.DefaultFileLockManager] Releasing lock on daemon addresses registry.
2023-02-16T19:34:48.655+0530 [DEBUG] [org.gradle.cache.internal.DefaultFileLockManager] Waiting to acquire shared lock on daemon addresses registry.
2023-02-16T19:34:48.656+0530 [DEBUG] [org.gradle.cache.internal.DefaultFileLockManager] Lock acquired on daemon addresses registry.
2023-02-16T19:34:48.656+0530 [DEBUG] [org.gradle.cache.internal.DefaultFileLockManager] Releasing lock on daemon addresses registry.
2023-02-16T19:34:53.925+0530 [DEBUG] [org.gradle.process.internal.health.memory.DefaultMemoryManager] 638249779 memory requested, 282935296 free
2023-02-16T19:34:53.925+0530 [DEBUG] [org.gradle.workers.internal.WorkerDaemonExpiration] Will attempt to release 608 of memory
2023-02-16T19:34:53.926+0530 [DEBUG] [org.gradle.process.internal.health.memory.DefaultMemoryManager] 638249779 memory requested, 0 released, 282935296 free
2023-02-16T19:34:58.405+0530 [DEBUG] [org.gradle.process.internal.health.memory.DefaultMemoryManager] 638249779 memory requested, 277311488 free
2023-02-16T19:34:58.405+0530 [DEBUG] [org.gradle.workers.internal.WorkerDaemonExpiration] Will attempt to release 608 of memory
2023-02-16T19:34:58.406+0530 [DEBUG] [org.gradle.process.internal.health.memory.DefaultMemoryManager] 638249779 memory requested, 0 released, 277311488 free
2023-02-16T19:34:58.635+0530 [DEBUG] [org.gradle.cache.internal.DefaultFileLockManager] Waiting to acquire shared lock on daemon addresses registry.
2023-02-16T19:34:58.635+0530 [DEBUG] [org.gradle.cache.internal.DefaultFileLockManager] Lock acquired on daemon addresses registry.
2023-02-16T19:34:58.636+0530 [DEBUG] [org.gradle.cache.internal.DefaultFileLockManager] Releasing lock on daemon addresses registry.
2023-02-16T19:34:58.638+0530 [DEBUG] [org.gradle.cache.internal.DefaultFileLockManager] Waiting to acquire shared lock on daemon addresses registry.
2023-02-16T19:34:58.638+0530 [DEBUG] [org.gradle.cache.internal.DefaultFileLockManager] Lock acquired on daemon addresses registry.
2023-02-16T19:34:58.639+0530 [DEBUG] [org.gradle.cache.internal.DefaultFileLockManager] Releasing lock on daemon addresses registry.
2023-02-16T19:34:58.641+0530 [DEBUG] [org.gradle.cache.internal.DefaultFileLockManager] Waiting to acquire shared lock on daemon addresses registry.
2023-02-16T19:34:58.641+0530 [DEBUG] [org.gradle.cache.internal.DefaultFileLockManager] Lock acquired on daemon addresses registry.
2023-02-16T19:34:58.661+0530 [DEBUG] [org.gradle.cache.internal.DefaultFileLockManager] Releasing lock on daemon addresses registry.
2023-02-16T19:35:03.395+0530 [DEBUG] [org.gradle.process.internal.health.memory.DefaultMemoryManager] 638249779 memory requested, 293289984 free
2023-02-16T19:35:03.395+0530 [DEBUG] [org.gradle.workers.internal.WorkerDaemonExpiration] Will attempt to release 608 of memory
2023-02-16T19:35:03.395+0530 [DEBUG] [org.gradle.process.internal.health.memory.DefaultMemoryManager] 638249779 memory requested, 0 released, 293289984 free
2023-02-16T19:35:03.683+0530 [DEBUG] [org.gradle.cache.internal.LockOnDemandCrossProcessCacheAccess] Lock on artifact cache (C:\Users\vinit\AndroidStudioProjects\MyApp\caches\modules-2) requested by another process - releasing lock.
2023-02-16T19:35:03.684+0530 [DEBUG] [org.gradle.cache.internal.LockOnDemandCrossProcessCacheAccess] Releasing file lock for artifact cache (C:\Users\vinit\AndroidStudioProjects\MyApp\caches\modules-2)
2023-02-16T19:35:03.684+0530 [DEBUG] [org.gradle.cache.internal.btree.BTreePersistentIndexedCache] Closing cache module-artifacts.bin (C:\Users\vinit\AndroidStudioProjects\MyApp\caches\modules-2\metadata-2.99\module-artifacts.bin)
2023-02-16T19:35:03.690+0530 [DEBUG] [org.gradle.cache.internal.btree.BTreePersistentIndexedCache] Closing cache resource-at-url.bin (C:\Users\vinit\AndroidStudioProjects\MyApp\caches\modules-2\metadata-2.99\resource-at-url.bin)
2023-02-16T19:35:03.701+0530 [DEBUG] [org.gradle.cache.internal.btree.BTreePersistentIndexedCache] Closing cache module-artifact.bin (C:\Users\vinit\AndroidStudioProjects\MyApp\caches\modules-2\metadata-2.99\module-artifact.bin)
2023-02-16T19:35:03.707+0530 [DEBUG] [org.gradle.cache.internal.DefaultFileLockManager] Releasing lock on artifact cache (C:\Users\vinit\AndroidStudioProjects\MyApp\caches\modules-2).
2023-02-16T19:35:03.710+0530 [DEBUG] [org.gradle.cache.internal.locklistener.FileLockCommunicator] Confirming lock release to Gradle process at port 54283 for lock with id -5516187973523688514.
2023-02-16T19:35:03.710+0530 [DEBUG] [org.gradle.cache.internal.locklistener.FileLockCommunicator] Confirming lock release to Gradle process at port 54283 for lock with id -5516187973523688514.
2023-02-16T19:35:08.442+0530 [DEBUG] [org.gradle.process.internal.health.memory.DefaultMemoryManager] 638249779 memory requested, 276164608 free
2023-02-16T19:35:08.443+0530 [DEBUG] [org.gradle.workers.internal.WorkerDaemonExpiration] Will attempt to release 608 of memory
2023-02-16T19:35:08.443+0530 [DEBUG] [org.gradle.process.internal.health.memory.DefaultMemoryManager] 638249779 memory requested, 0 released, 276164608 free
2023-02-16T19:35:08.658+0530 [DEBUG] [org.gradle.cache.internal.DefaultFileLockManager] Waiting to acquire shared lock on daemon addresses registry.
2023-02-16T19:35:08.659+0530 [DEBUG] [org.gradle.cache.internal.DefaultFileLockManager] Lock acquired on daemon addresses registry.
2023-02-16T19:35:08.660+0530 [DEBUG] [org.gradle.cache.internal.DefaultFileLockManager] Releasing lock on daemon addresses registry.
2023-02-16T19:35:08.663+0530 [DEBUG] [org.gradle.cache.internal.DefaultFileLockManager] Waiting to acquire shared lock on daemon addresses registry.
2023-02-16T19:35:08.663+0530 [DEBUG] [org.gradle.cache.internal.DefaultFileLockManager] Lock acquired on daemon addresses registry.
2023-02-16T19:35:08.664+0530 [DEBUG] [org.gradle.cache.internal.DefaultFileLockManager] Releasing lock on daemon addresses registry.
2023-02-16T19:35:08.666+0530 [DEBUG] [org.gradle.cache.internal.DefaultFileLockManager] Waiting to acquire shared lock on daemon addresses registry.
2023-02-16T19:35:08.666+0530 [DEBUG] [org.gradle.cache.internal.DefaultFileLockManager] Lock acquired on daemon addresses registry.
2023-02-16T19:35:08.667+0530 [DEBUG] [org.gradle.cache.internal.DefaultFileLockManager] Releasing lock on daemon addresses registry.
2023-02-16T19:35:13.405+0530 [DEBUG] [org.gradle.process.internal.health.memory.DefaultMemoryManager] 638249779 memory requested, 299606016 free
2023-02-16T19:35:13.405+0530 [DEBUG] [org.gradle.workers.internal.WorkerDaemonExpiration] Will attempt to release 608 of memory
2023-02-16T19:35:13.406+0530 [DEBUG] [org.gradle.process.internal.health.memory.DefaultMemoryManager] 638249779 memory requested, 0 released, 299606016 free
2023-02-16T19:35:18.754+0530 [DEBUG] [org.gradle.process.internal.health.memory.DefaultMemoryManager] 638249779 memory requested, 309202944 free
2023-02-16T19:35:18.755+0530 [DEBUG] [org.gradle.workers.internal.WorkerDaemonExpiration] Will attempt to release 608 of memory
2023-02-16T19:35:18.755+0530 [DEBUG] [org.gradle.process.internal.health.memory.DefaultMemoryManager] 638249779 memory requested, 0 released, 309202944 free
2023-02-16T19:35:18.769+0530 [DEBUG] [org.gradle.cache.internal.DefaultFileLockManager] Waiting to acquire shared lock on daemon addresses registry.
2023-02-16T19:35:18.770+0530 [DEBUG] [org.gradle.cache.internal.DefaultFileLockManager] Lock acquired on daemon addresses registry.
2023-02-16T19:35:18.771+0530 [DEBUG] [org.gradle.cache.internal.DefaultFileLockManager] Releasing lock on daemon addresses registry.
2023-02-16T19:35:18.773+0530 [DEBUG] [org.gradle.cache.internal.DefaultFileLockManager] Waiting to acquire shared lock on daemon addresses registry.
2023-02-16T19:35:18.774+0530 [DEBUG] [org.gradle.cache.internal.DefaultFileLockManager] Lock acquired on daemon addresses registry.
2023-02-16T19:35:18.775+0530 [DEBUG] [org.gradle.cache.internal.DefaultFileLockManager] Releasing lock on daemon addresses registry.
2023-02-16T19:35:18.777+0530 [DEBUG] [org.gradle.cache.internal.DefaultFileLockManager] Waiting to acquire shared lock on daemon addresses registry.
2023-02-16T19:35:18.777+0530 [DEBUG] [org.gradle.cache.internal.DefaultFileLockManager] Lock acquired on daemon addresses registry.
2023-02-16T19:35:18.778+0530 [DEBUG] [org.gradle.cache.internal.DefaultFileLockManager] Releasing lock on daemon addresses registry.
2023-02-16T19:35:23.452+0530 [DEBUG] [org.gradle.process.internal.health.memory.DefaultMemoryManager] 638249779 memory requested, 285528064 free
2023-02-16T19:35:23.452+0530 [DEBUG] [org.gradle.workers.internal.WorkerDaemonExpiration] Will attempt to release 608 of memory
2023-02-16T19:35:23.452+0530 [DEBUG] [org.gradle.process.internal.health.memory.DefaultMemoryManager] 638249779 memory requested, 0 released, 285528064 free
2023-02-16T19:35:28.420+0530 [DEBUG] [org.gradle.process.internal.health.memory.DefaultMemoryManager] 638249779 memory requested, 278093824 free
2023-02-16T19:35:28.488+0530 [DEBUG] [org.gradle.workers.internal.WorkerDaemonExpiration] Will attempt to release 608 of memory
2023-02-16T19:35:28.490+0530 [DEBUG] [org.gradle.process.internal.health.memory.DefaultMemoryManager] 638249779 memory requested, 0 released, 278093824 free
2023-02-16T19:35:28.979+0530 [DEBUG] [org.gradle.cache.internal.DefaultFileLockManager] Waiting to acquire shared lock on daemon addresses registry.
2023-02-16T19:35:28.983+0530 [DEBUG] [org.gradle.cache.internal.DefaultFileLockManager] Lock acquired on daemon addresses registry.
2023-02-16T19:35:28.984+0530 [DEBUG] [org.gradle.cache.internal.DefaultFileLockManager] Releasing lock on daemon addresses registry.
2023-02-16T19:35:28.991+0530 [DEBUG] [org.gradle.cache.internal.DefaultFileLockManager] Waiting to acquire shared lock on daemon addresses registry.
2023-02-16T19:35:28.993+0530 [DEBUG] [org.gradle.cache.internal.DefaultFileLockManager] Lock acquired on daemon addresses registry.
2023-02-16T19:35:29.119+0530 [DEBUG] [org.gradle.cache.internal.DefaultFileLockManager] Releasing lock on daemon addresses registry.
2023-02-16T19:35:29.124+0530 [DEBUG] [org.gradle.cache.internal.DefaultFileLockManager] Waiting to acquire shared lock on daemon addresses registry.
2023-02-16T19:35:29.125+0530 [DEBUG] [org.gradle.cache.internal.DefaultFileLockManager] Lock acquired on daemon addresses registry.
2023-02-16T19:35:29.126+0530 [DEBUG] [org.gradle.cache.internal.DefaultFileLockManager] Releasing lock on daemon addresses registry.
2023-02-16T19:35:33.901+0530 [DEBUG] [org.gradle.process.internal.health.memory.DefaultMemoryManager] 638249779 memory requested, 316211200 free
2023-02-16T19:35:33.901+0530 [DEBUG] [org.gradle.workers.internal.WorkerDaemonExpiration] Will attempt to release 608 of memory
2023-02-16T19:35:33.901+0530 [DEBUG] [org.gradle.process.internal.health.memory.DefaultMemoryManager] 638249779 memory requested, 0 released, 316211200 free
2023-02-16T19:35:38.424+0530 [DEBUG] [org.gradle.process.internal.health.memory.DefaultMemoryManager] 638249779 memory requested, 277626880 free
2023-02-16T19:35:38.425+0530 [DEBUG] [org.gradle.workers.internal.WorkerDaemonExpiration] Will attempt to release 608 of memory
2023-02-16T19:35:38.425+0530 [DEBUG] [org.gradle.process.internal.health.memory.DefaultMemoryManager] 638249779 memory requested, 0 released, 277626880 free
2023-02-16T19:35:38.692+0530 [DEBUG] [org.gradle.cache.internal.DefaultFileLockManager] Waiting to acquire shared lock on daemon addresses registry.
2023-02-16T19:35:38.692+0530 [DEBUG] [org.gradle.cache.internal.DefaultFileLockManager] Lock acquired on daemon addresses registry.
2023-02-16T19:35:38.694+0530 [DEBUG] [org.gradle.cache.internal.DefaultFileLockManager] Releasing lock on daemon addresses registry.
2023-02-16T19:35:38.697+0530 [DEBUG] [org.gradle.cache.internal.DefaultFileLockManager] Waiting to acquire shared lock on daemon addresses registry.
2023-02-16T19:35:38.698+0530 [DEBUG] [org.gradle.cache.internal.DefaultFileLockManager] Lock acquired on daemon addresses registry.
2023-02-16T19:35:38.700+0530 [DEBUG] [org.gradle.cache.internal.DefaultFileLockManager] Releasing lock on daemon addresses registry.
2023-02-16T19:35:38.702+0530 [DEBUG] [org.gradle.cache.internal.DefaultFileLockManager] Waiting to acquire shared lock on daemon addresses registry.
2023-02-16T19:35:38.703+0530 [DEBUG] [org.gradle.cache.internal.DefaultFileLockManager] Lock acquired on daemon addresses registry.
2023-02-16T19:35:38.706+0530 [DEBUG] [org.gradle.cache.internal.DefaultFileLockManager] Releasing lock on daemon addresses registry.
2023-02-16T19:35:40.421+0530 [DEBUG] [org.apache.http.impl.conn.PoolingHttpClientConnectionManager] Connection manager is shutting down
2023-02-16T19:35:40.421+0530 [DEBUG] [org.apache.http.impl.conn.DefaultManagedHttpClientConnection] http-outgoing-30: Close connection
2023-02-16T19:35:40.421+0530 [DEBUG] [org.apache.http.impl.conn.PoolingHttpClientConnectionManager] Connection manager shut down
2023-02-16T19:35:40.423+0530 [DEBUG] [org.apache.http.impl.conn.PoolingHttpClientConnectionManager] Connection manager is shutting down
2023-02-16T19:35:40.423+0530 [DEBUG] [org.apache.http.impl.conn.DefaultManagedHttpClientConnection] http-outgoing-31: Close connection
2023-02-16T19:35:40.423+0530 [DEBUG] [org.apache.http.impl.conn.PoolingHttpClientConnectionManager] Connection manager shut down
2023-02-16T19:35:40.427+0530 [DEBUG] [org.apache.http.impl.conn.PoolingHttpClientConnectionManager] Connection manager is shutting down
2023-02-16T19:35:40.427+0530 [DEBUG] [org.apache.http.impl.conn.DefaultManagedHttpClientConnection] http-outgoing-32: Close connection
2023-02-16T19:35:40.427+0530 [DEBUG] [org.apache.http.impl.conn.PoolingHttpClientConnectionManager] Connection manager shut down
2023-02-16T19:35:43.531+0530 [DEBUG] [org.gradle.process.internal.health.memory.DefaultMemoryManager] 638249779 memory requested, 284852224 free
2023-02-16T19:35:43.532+0530 [DEBUG] [org.gradle.workers.internal.WorkerDaemonExpiration] Will attempt to release 608 of memory
2023-02-16T19:35:43.533+0530 [DEBUG] [org.gradle.process.internal.health.memory.DefaultMemoryManager] 638249779 memory requested, 0 released, 284852224 free
2023-02-16T19:35:48.644+0530 [DEBUG] [org.gradle.process.internal.health.memory.DefaultMemoryManager] 638249779 memory requested, 281415680 free
2023-02-16T19:35:48.644+0530 [DEBUG] [org.gradle.workers.internal.WorkerDaemonExpiration] Will attempt to release 608 of memory
2023-02-16T19:35:48.644+0530 [DEBUG] [org.gradle.process.internal.health.memory.DefaultMemoryManager] 638249779 memory requested, 0 released, 281415680 free
2023-02-16T19:35:48.650+0530 [DEBUG] [org.gradle.cache.internal.DefaultFileLockManager] Waiting to acquire shared lock on daemon addresses registry.
2023-02-16T19:35:48.651+0530 [DEBUG] [org.gradle.cache.internal.DefaultFileLockManager] Lock acquired on daemon addresses registry.
2023-02-16T19:35:48.652+0530 [DEBUG] [org.gradle.cache.internal.DefaultFileLockManager] Releasing lock on daemon addresses registry.
2023-02-16T19:35:48.744+0530 [DEBUG] [org.gradle.cache.internal.DefaultFileLockManager] Waiting to acquire shared lock on daemon addresses registry.
2023-02-16T19:35:48.811+0530 [DEBUG] [org.gradle.cache.internal.DefaultFileLockManager] Lock acquired on daemon addresses registry.
2023-02-16T19:35:48.817+0530 [DEBUG] [org.gradle.cache.internal.DefaultFileLockManager] Releasing lock on daemon addresses registry.
2023-02-16T19:35:48.833+0530 [DEBUG] [org.gradle.cache.internal.DefaultFileLockManager] Waiting to acquire shared lock on daemon addresses registry.
2023-02-16T19:35:48.978+0530 [DEBUG] [org.gradle.cache.internal.DefaultFileLockManager] Lock acquired on daemon addresses registry.
2023-02-16T19:35:48.984+0530 [DEBUG] [org.gradle.cache.internal.DefaultFileLockManager] Releasing lock on daemon addresses registry.
2023-02-16T19:35:53.787+0530 [DEBUG] [org.gradle.process.internal.health.memory.DefaultMemoryManager] 638249779 memory requested, 271998976 free
2023-02-16T19:35:53.788+0530 [DEBUG] [org.gradle.workers.internal.WorkerDaemonExpiration] Will attempt to release 608 of memory
2023-02-16T19:35:53.788+0530 [DEBUG] [org.gradle.process.internal.health.memory.DefaultMemoryManager] 638249779 memory requested, 0 released, 271998976 free
2023-02-16T19:35:58.425+0530 [DEBUG] [org.gradle.process.internal.health.memory.DefaultMemoryManager] 638249779 memory requested, 280010752 free
2023-02-16T19:35:58.433+0530 [DEBUG] [org.gradle.workers.internal.WorkerDaemonExpiration] Will attempt to release 608 of memory
2023-02-16T19:35:58.434+0530 [DEBUG] [org.gradle.process.internal.health.memory.DefaultMemoryManager] 638249779 memory requested, 0 released, 280010752 free
2023-02-16T19:35:58.657+0530 [DEBUG] [org.gradle.cache.internal.DefaultFileLockManager] Waiting to acquire shared lock on daemon addresses registry.
2023-02-16T19:35:58.658+0530 [DEBUG] [org.gradle.cache.internal.DefaultFileLockManager] Lock acquired on daemon addresses registry.
2023-02-16T19:35:58.659+0530 [DEBUG] [org.gradle.cache.internal.DefaultFileLockManager] Releasing lock on daemon addresses registry.
2023-02-16T19:35:58.661+0530 [DEBUG] [org.gradle.cache.internal.DefaultFileLockManager] Waiting to acquire shared lock on daemon addresses registry.
2023-02-16T19:35:58.661+0530 [DEBUG] [org.gradle.cache.internal.DefaultFileLockManager] Lock acquired on daemon addresses registry.
2023-02-16T19:35:58.662+0530 [DEBUG] [org.gradle.cache.internal.DefaultFileLockManager] Releasing lock on daemon addresses registry.
2023-02-16T19:35:58.664+0530 [DEBUG] [org.gradle.cache.internal.DefaultFileLockManager] Waiting to acquire shared lock on daemon addresses registry.
2023-02-16T19:35:58.664+0530 [DEBUG] [org.gradle.cache.internal.DefaultFileLockManager] Lock acquired on daemon addresses registry.
2023-02-16T19:35:58.678+0530 [DEBUG] [org.gradle.cache.internal.DefaultFileLockManager] Releasing lock on daemon addresses registry.
2023-02-16T19:35:58.679+0530 [INFO] [org.gradle.launcher.daemon.server.health.LowMemoryDaemonExpirationStrategy] after free system memory (267 MiB) fell below threshold of 384 MiB
2023-02-16T19:35:58.680+0530 [DEBUG] [org.gradle.cache.internal.DefaultFileLockManager] Waiting to acquire shared lock on daemon addresses registry.
2023-02-16T19:35:58.681+0530 [DEBUG] [org.gradle.cache.internal.DefaultFileLockManager] Lock acquired on daemon addresses registry.
2023-02-16T19:35:58.681+0530 [DEBUG] [org.gradle.cache.internal.DefaultFileLockManager] Releasing lock on daemon addresses registry.
2023-02-16T19:35:58.682+0530 [DEBUG] [org.gradle.launcher.daemon.server.DaemonRegistryUpdater] Storing daemon stop event: other compatible daemons were started and after being idle for 1 minutes and not recently used and after being idle for 1 minutes and not recently used and to reclaim system memory
2023-02-16T19:35:58.684+0530 [DEBUG] [org.gradle.launcher.daemon.registry.PersistentDaemonRegistry] Storing daemon stop event with timestamp 1676556358677
2023-02-16T19:35:58.707+0530 [DEBUG] [org.gradle.cache.internal.DefaultFileLockManager] Waiting to acquire exclusive lock on daemon addresses registry.
2023-02-16T19:35:58.711+0530 [DEBUG] [org.gradle.cache.internal.DefaultFileLockManager] Lock acquired on daemon addresses registry.
2023-02-16T19:35:58.716+0530 [DEBUG] [org.gradle.cache.internal.DefaultFileLockManager] Releasing lock on daemon addresses registry.
2023-02-16T19:35:58.718+0530 [LIFECYCLE] [org.gradle.launcher.daemon.server.DaemonStateCoordinator] Daemon will be stopped at the end of the build other compatible daemons were started and after being idle for 1 minutes and not recently used and after being idle for 1 minutes and not recently used and to reclaim system memory
2023-02-16T19:35:58.718+0530 [DEBUG] [org.gradle.launcher.daemon.server.DaemonStateCoordinator] Marking daemon stopped due to other compatible daemons were started and after being idle for 1 minutes and not recently used and after being idle for 1 minutes and not recently used and to reclaim system memory. The daemon is running a build: false
2023-02-16T19:35:58.718+0530 [DEBUG] [org.gradle.launcher.daemon.server.DaemonStateCoordinator] daemon has stopped.
2023-02-16T19:35:58.719+0530 [DEBUG] [org.gradle.launcher.daemon.server.Daemon] stop() called on daemon
2023-02-16T19:35:58.719+0530 [INFO] [org.gradle.launcher.daemon.server.Daemon] Stop requested. Daemon is removing its presence from the registry...
2023-02-16T19:35:58.719+0530 [DEBUG] [org.gradle.launcher.daemon.server.DaemonRegistryUpdater] Removing our presence to clients, eg. removing this address from the registry: [bf4018e7-f0ae-4b23-928e-4e1585e3b895 port:62675, addresses:[localhost/127.0.0.1]]
2023-02-16T19:35:58.719+0530 [DEBUG] [org.gradle.launcher.daemon.registry.PersistentDaemonRegistry] Removing daemon address: [bf4018e7-f0ae-4b23-928e-4e1585e3b895 port:62675, addresses:[localhost/127.0.0.1]]
2023-02-16T19:35:58.721+0530 [DEBUG] [org.gradle.cache.internal.DefaultFileLockManager] Waiting to acquire exclusive lock on daemon addresses registry.
2023-02-16T19:35:58.723+0530 [DEBUG] [org.gradle.cache.internal.DefaultFileLockManager] Lock acquired on daemon addresses registry.
2023-02-16T19:35:58.761+0530 [DEBUG] [org.gradle.cache.internal.DefaultFileLockManager] Releasing lock on daemon addresses registry.
2023-02-16T19:35:58.770+0530 [DEBUG] [org.gradle.launcher.daemon.server.DaemonRegistryUpdater] Address removed from registry.
2023-02-16T19:35:58.775+0530 [DEBUG] [org.gradle.cache.internal.DefaultPersistentDirectoryStore] jars (C:\Users\vinit\AndroidStudioProjects\MyApp\caches\jars-9) has last been fully cleaned up 149 hours ago
2023-02-16T19:35:58.781+0530 [INFO] [org.gradle.cache.internal.AbstractCacheCleanup] jars (C:\Users\vinit\AndroidStudioProjects\MyApp\caches\jars-9) cleanup deleted 0 files/directories.
2023-02-16T19:35:58.781+0530 [INFO] [org.gradle.cache.internal.LeastRecentlyUsedCacheCleanup] jars (C:\Users\vinit\AndroidStudioProjects\MyApp\caches\jars-9) removing files not accessed on or after Thu Feb 09 19:30:09 IST 2023.
2023-02-16T19:35:58.784+0530 [DEBUG] [org.gradle.cache.internal.LockOnDemandCrossProcessCacheAccess] Acquiring file lock for journal cache (C:\Users\vinit\AndroidStudioProjects\MyApp\caches\journal-1)
2023-02-16T19:35:58.785+0530 [DEBUG] [org.gradle.cache.internal.DefaultFileLockManager] Waiting to acquire exclusive lock on journal cache (C:\Users\vinit\AndroidStudioProjects\MyApp\caches\journal-1).
2023-02-16T19:35:58.787+0530 [DEBUG] [org.gradle.cache.internal.locklistener.DefaultFileLockContentionHandler] Gradle process at port 54283 confirmed unlock request for lock with id 4343931367850081521.
2023-02-16T19:35:58.788+0530 [DEBUG] [org.gradle.cache.internal.DefaultFileLockManager] The file lock for journal cache (C:\Users\vinit\AndroidStudioProjects\MyApp\caches\journal-1) is held by a different Gradle process (pid: 9664, lockId: 4343931367850081521). Pinged owner at port 54283
2023-02-16T19:35:58.788+0530 [DEBUG] [org.gradle.cache.internal.locklistener.DefaultFileLockContentionHandler] Gradle process at port 54283 confirmed unlock request for lock with id 4343931367850081521.
2023-02-16T19:35:58.824+0530 [DEBUG] [org.gradle.cache.internal.locklistener.DefaultFileLockContentionHandler] Gradle process at port 54283 confirmed lock release for lock with id 4343931367850081521.
2023-02-16T19:35:58.824+0530 [DEBUG] [org.gradle.cache.internal.locklistener.DefaultFileLockContentionHandler] Triggering lock release signal for lock with id 4343931367850081521.
2023-02-16T19:35:58.825+0530 [DEBUG] [org.gradle.cache.internal.locklistener.DefaultFileLockContentionHandler] Gradle process at port 54283 confirmed lock release for lock with id 4343931367850081521.
2023-02-16T19:35:58.825+0530 [DEBUG] [org.gradle.cache.internal.locklistener.DefaultFileLockContentionHandler] Triggering lock release signal for lock with id 4343931367850081521.
2023-02-16T19:35:58.826+0530 [DEBUG] [org.gradle.cache.internal.DefaultFileLockManager] Lock acquired on journal cache (C:\Users\vinit\AndroidStudioProjects\MyApp\caches\journal-1).
2023-02-16T19:35:58.850+0530 [INFO] [org.gradle.cache.internal.InMemoryDecoratedCache] Invalidating in-memory cache of C:\Users\vinit\AndroidStudioProjects\MyApp\caches\journal-1\file-access.bin
2023-02-16T19:35:58.851+0530 [DEBUG] [org.gradle.cache.internal.btree.BTreePersistentIndexedCache] Opening cache file-access.bin (C:\Users\vinit\AndroidStudioProjects\MyApp\caches\journal-1\file-access.bin)
2023-02-16T19:35:59.482+0530 [INFO] [org.gradle.cache.internal.AbstractCacheCleanup] jars (C:\Users\vinit\AndroidStudioProjects\MyApp\caches\jars-9) cleanup deleted 0 files/directories.
2023-02-16T19:35:59.500+0530 [INFO] [org.gradle.cache.internal.DefaultPersistentDirectoryStore] jars (C:\Users\vinit\AndroidStudioProjects\MyApp\caches\jars-9) cleaned up in 0.724 secs.
2023-02-16T19:35:59.500+0530 [DEBUG] [org.gradle.cache.internal.DefaultCacheAccess] Cache jars (C:\Users\vinit\AndroidStudioProjects\MyApp\caches\jars-9) was closed 2 times.
2023-02-16T19:35:59.503+0530 [DEBUG] [org.gradle.cache.internal.DefaultPersistentDirectoryStore] Artifact transforms cache (C:\Users\vinit\AndroidStudioProjects\MyApp\caches\transforms-3) has last been fully cleaned up 149 hours ago
2023-02-16T19:35:59.503+0530 [INFO] [org.gradle.cache.internal.LeastRecentlyUsedCacheCleanup] Artifact transforms cache (C:\Users\vinit\AndroidStudioProjects\MyApp\caches\transforms-3) removing files not accessed on or after Thu Feb 09 19:30:13 IST 2023.
2023-02-16T19:36:00.202+0530 [INFO] [org.gradle.cache.internal.AbstractCacheCleanup] Artifact transforms cache (C:\Users\vinit\AndroidStudioProjects\MyApp\caches\transforms-3) cleanup deleted 0 files/directories.
2023-02-16T19:36:00.206+0530 [INFO] [org.gradle.cache.internal.DefaultPersistentDirectoryStore] Artifact transforms cache (C:\Users\vinit\AndroidStudioProjects\MyApp\caches\transforms-3) cleaned up in 0.702 secs.
2023-02-16T19:36:00.229+0530 [DEBUG] [org.gradle.internal.watch.vfs.impl.WatchingVirtualFileSystem] Closing VFS, dropping state
2023-02-16T19:36:00.237+0530 [DEBUG] [org.gradle.internal.watch.registry.impl.DefaultFileWatcherRegistry] Finished listening to file system change events
2023-02-16T19:36:00.238+0530 [DEBUG] [org.gradle.cache.internal.DefaultCacheAccess] Cache Generated Gradle JARs cache (C:\Users\vinit\AndroidStudioProjects\MyApp\caches\7.5\generated-gradle-jars) was closed 0 times.
2023-02-16T19:36:00.240+0530 [DEBUG] [org.gradle.cache.internal.DefaultPersistentDirectoryStore] artifact cache (C:\Users\vinit\AndroidStudioProjects\MyApp\caches\modules-2) has last been fully cleaned up 149 hours ago
2023-02-16T19:36:00.245+0530 [INFO] [org.gradle.cache.internal.AbstractCacheCleanup] artifact cache (C:\Users\vinit\AndroidStudioProjects\MyApp\caches\modules-2) cleanup deleted 0 files/directories.
2023-02-16T19:36:00.254+0530 [INFO] [org.gradle.cache.internal.AbstractCacheCleanup] artifact cache (C:\Users\vinit\AndroidStudioProjects\MyApp\caches\modules-2) [subdir: C:\Users\vinit\AndroidStudioProjects\MyApp\caches\modules-2\resources-2.1] cleanup deleted 0 files/directories.
2023-02-16T19:36:00.254+0530 [INFO] [org.gradle.cache.internal.LeastRecentlyUsedCacheCleanup] artifact cache (C:\Users\vinit\AndroidStudioProjects\MyApp\caches\modules-2) [subdir: C:\Users\vinit\AndroidStudioProjects\MyApp\caches\modules-2\resources-2.1] removing files not accessed on or after Tue Jan 17 19:30:24 IST 2023.
2023-02-16T19:36:00.257+0530 [INFO] [org.gradle.cache.internal.AbstractCacheCleanup] artifact cache (C:\Users\vinit\AndroidStudioProjects\MyApp\caches\modules-2) [subdir: C:\Users\vinit\AndroidStudioProjects\MyApp\caches\modules-2\resources-2.1] cleanup deleted 0 files/directories.
2023-02-16T19:36:00.259+0530 [INFO] [org.gradle.cache.internal.AbstractCacheCleanup] artifact cache (C:\Users\vinit\AndroidStudioProjects\MyApp\caches\modules-2) [subdir: C:\Users\vinit\AndroidStudioProjects\MyApp\caches\modules-2\files-2.1] cleanup deleted 0 files/directories.
2023-02-16T19:36:00.260+0530 [INFO] [org.gradle.cache.internal.LeastRecentlyUsedCacheCleanup] artifact cache (C:\Users\vinit\AndroidStudioProjects\MyApp\caches\modules-2) [subdir: C:\Users\vinit\AndroidStudioProjects\MyApp\caches\modules-2\files-2.1] removing files not accessed on or after Tue Jan 17 19:30:24 IST 2023.
2023-02-16T19:36:00.933+0530 [INFO] [org.gradle.cache.internal.AbstractCacheCleanup] artifact cache (C:\Users\vinit\AndroidStudioProjects\MyApp\caches\modules-2) [subdir: C:\Users\vinit\AndroidStudioProjects\MyApp\caches\modules-2\files-2.1] cleanup deleted 0 files/directories.
2023-02-16T19:36:00.936+0530 [INFO] [org.gradle.cache.internal.AbstractCacheCleanup] artifact cache (C:\Users\vinit\AndroidStudioProjects\MyApp\caches\modules-2) [subdir: C:\Users\vinit\AndroidStudioProjects\MyApp\caches\modules-2\metadata-2.99] cleanup deleted 0 files/directories.
2023-02-16T19:36:00.938+0530 [INFO] [org.gradle.cache.internal.DefaultPersistentDirectoryStore] artifact cache (C:\Users\vinit\AndroidStudioProjects\MyApp\caches\modules-2) cleaned up in 0.697 secs.
2023-02-16T19:36:00.938+0530 [DEBUG] [org.gradle.cache.internal.DefaultCacheAccess] Cache artifact cache (C:\Users\vinit\AndroidStudioProjects\MyApp\caches\modules-2) was closed 241 times.
2023-02-16T19:36:00.939+0530 [DEBUG] [org.gradle.cache.internal.LockOnDemandCrossProcessCacheAccess] Releasing file lock for journal cache (C:\Users\vinit\AndroidStudioProjects\MyApp\caches\journal-1)
2023-02-16T19:36:00.939+0530 [DEBUG] [org.gradle.cache.internal.btree.BTreePersistentIndexedCache] Closing cache file-access.bin (C:\Users\vinit\AndroidStudioProjects\MyApp\caches\journal-1\file-access.bin)
2023-02-16T19:36:00.940+0530 [DEBUG] [org.gradle.cache.internal.DefaultFileLockManager] Releasing lock on journal cache (C:\Users\vinit\AndroidStudioProjects\MyApp\caches\journal-1).
2023-02-16T19:36:00.941+0530 [DEBUG] [org.gradle.cache.internal.DefaultCacheAccess] Cache journal cache (C:\Users\vinit\AndroidStudioProjects\MyApp\caches\journal-1) was closed 82 times.
2023-02-16T19:36:00.943+0530 [DEBUG] [org.gradle.cache.internal.DefaultCacheAccess] Cache file hash cache (C:\Users\vinit\AndroidStudioProjects\MyApp\caches\7.5\fileHashes) was closed 7 times.
2023-02-16T19:36:00.944+0530 [DEBUG] [org.gradle.cache.internal.DefaultCacheAccess] Cache execution history cache (C:\Users\vinit\AndroidStudioProjects\MyApp\caches\7.5\executionHistory) was closed 2 times.
2023-02-16T19:36:00.954+0530 [DEBUG] [org.gradle.cache.internal.VersionSpecificCacheCleanupAction] Processed version-specific caches at C:\Users\vinit\AndroidStudioProjects\MyApp\caches for cleanup in 0.006 secs
Daemon vm is shutting down... The daemon has exited normally or was terminated in response to a user interrupt.
2023-02-16T19:36:00.981+0530 [DEBUG] [org.gradle.launcher.daemon.registry.PersistentDaemonRegistry] Removing daemon address: [bf4018e7-f0ae-4b23-928e-4e1585e3b895 port:62675, addresses:[localhost/127.0.0.1]]
2023-02-16T19:36:00.983+0530 [DEBUG] [org.gradle.cache.internal.DefaultFileLockManager] Waiting to acquire exclusive lock on daemon addresses registry.
2023-02-16T19:36:00.988+0530 [DEBUG] [org.gradle.cache.internal.DefaultFileLockManager] Lock acquired on daemon addresses registry.
2023-02-16T19:36:01.006+0530 [DEBUG] [org.gradle.cache.internal.DefaultFileLockManager] Releasing lock on daemon addresses registry.
